# JRE version: Java(TM) SE Runtime Environment (17.0.7+8) (build 17.0.7+8-LTS-224)
# Java VM: Java HotSpot(TM) 64-Bit Server VM (17.0.7+8-LTS-224, mixed mode, sharing, tiered, compressed oops, compressed class ptrs, g1 gc, windows-amd64)
GC Precious Log:
 CPUs: 4 total, 4 available
 Memory: 16193M
 Large Page Support: Disabled
 NUMA Support: Disabled
 Compressed Oops: Enabled (32-bit)
 Heap Region Size: 1M
 Heap Min Capacity: 8M
 Heap Initial Capacity: 254M
 Heap Max Capacity: 2G
 Pre-touch: Disabled
 Parallel Workers: 4
 Concurrent Workers: 1
 Concurrent Refinement Workers: 4
 Periodic GC: Disabled
Heap:
 garbage-first heap   total 81920K, used 53480K [0x0000000080000000, 0x0000000100000000)
  region size 1024K, 25 young (25600K), 3 survivors (3072K)
 Metaspace       used 37826K, committed 38336K, reserved 462848K
  class space    used 5218K, committed 5440K, reserved 421888K
GC Heap History (18 events):
Event: 7.303 GC heap before
{Heap before GC invocations=0 (full 0):
 garbage-first heap   total 260096K, used 12288K [0x0000000080000000, 0x0000000100000000)
  region size 1024K, 13 young (13312K), 0 survivors (0K)
 Metaspace       used 966K, committed 1088K, reserved 430080K
  class space    used 74K, committed 128K, reserved 421888K
}
Event: 7.831 GC heap after
{Heap after GC invocations=1 (full 0):
 garbage-first heap   total 260096K, used 3758K [0x0000000080000000, 0x0000000100000000)
  region size 1024K, 2 young (2048K), 2 survivors (2048K)
 Metaspace       used 966K, committed 1088K, reserved 430080K
  class space    used 74K, committed 128K, reserved 421888K
}
Event: 9.948 GC heap before
{Heap before GC invocations=1 (full 0):
 garbage-first heap   total 260096K, used 23214K [0x0000000080000000, 0x0000000100000000)
  region size 1024K, 17 young (17408K), 2 survivors (2048K)
 Metaspace       used 3816K, committed 3968K, reserved 430080K
  class space    used 474K, committed 576K, reserved 421888K
}
Event: 9.951 GC heap after
{Heap after GC invocations=2 (full 0):
 garbage-first heap   total 260096K, used 10463K [0x0000000080000000, 0x0000000100000000)
  region size 1024K, 3 young (3072K), 3 survivors (3072K)
 Metaspace       used 3816K, committed 3968K, reserved 430080K
  class space    used 474K, committed 576K, reserved 421888K
}
Event: 14.374 GC heap before
{Heap before GC invocations=2 (full 0):
 garbage-first heap   total 260096K, used 32991K [0x0000000080000000, 0x0000000100000000)
  region size 1024K, 25 young (25600K), 3 survivors (3072K)
 Metaspace       used 3902K, committed 4096K, reserved 430080K
  class space    used 475K, committed 576K, reserved 421888K
}
Event: 14.376 GC heap after
{Heap after GC invocations=3 (full 0):
 garbage-first heap   total 260096K, used 12526K [0x0000000080000000, 0x0000000100000000)
  region size 1024K, 2 young (2048K), 2 survivors (2048K)
 Metaspace       used 3902K, committed 4096K, reserved 430080K
  class space    used 475K, committed 576K, reserved 421888K
}
Event: 37.574 GC heap before
{Heap before GC invocations=3 (full 0):
 garbage-first heap   total 260096K, used 117998K [0x0000000080000000, 0x0000000100000000)
  region size 1024K, 106 young (108544K), 2 survivors (2048K)
 Metaspace       used 21220K, committed 21504K, reserved 446464K
  class space    used 3147K, committed 3264K, reserved 421888K
}
Event: 37.582 GC heap after
{Heap after GC invocations=4 (full 0):
 garbage-first heap   total 260096K, used 22186K [0x0000000080000000, 0x0000000100000000)
  region size 1024K, 12 young (12288K), 12 survivors (12288K)
 Metaspace       used 21220K, committed 21504K, reserved 446464K
  class space    used 3147K, committed 3264K, reserved 421888K
}
Event: 41.307 GC heap before
{Heap before GC invocations=5 (full 0):
 garbage-first heap   total 81920K, used 58026K [0x0000000080000000, 0x0000000100000000)
  region size 1024K, 48 young (49152K), 12 survivors (12288K)
 Metaspace       used 29034K, committed 29440K, reserved 454656K
  class space    used 4062K, committed 4224K, reserved 421888K
}
Event: 41.316 GC heap after
{Heap after GC invocations=6 (full 0):
 garbage-first heap   total 81920K, used 26178K [0x0000000080000000, 0x0000000100000000)
  region size 1024K, 5 young (5120K), 5 survivors (5120K)
 Metaspace       used 29034K, committed 29440K, reserved 454656K
  class space    used 4062K, committed 4224K, reserved 421888K
}
Event: 41.322 GC heap before
{Heap before GC invocations=6 (full 0):
 garbage-first heap   total 81920K, used 27202K [0x0000000080000000, 0x0000000100000000)
  region size 1024K, 6 young (6144K), 5 survivors (5120K)
 Metaspace       used 29055K, committed 29440K, reserved 454656K
  class space    used 4062K, committed 4224K, reserved 421888K
}
Event: 41.326 GC heap after
{Heap after GC invocations=7 (full 0):
 garbage-first heap   total 81920K, used 26441K [0x0000000080000000, 0x0000000100000000)
  region size 1024K, 1 young (1024K), 1 survivors (1024K)
 Metaspace       used 29055K, committed 29440K, reserved 454656K
  class space    used 4062K, committed 4224K, reserved 421888K
}
Event: 43.139 GC heap before
{Heap before GC invocations=7 (full 0):
 garbage-first heap   total 81920K, used 63305K [0x0000000080000000, 0x0000000100000000)
  region size 1024K, 34 young (34816K), 1 survivors (1024K)
 Metaspace       used 31849K, committed 32192K, reserved 454656K
  class space    used 4372K, committed 4544K, reserved 421888K
}
Event: 43.143 GC heap after
{Heap after GC invocations=8 (full 0):
 garbage-first heap   total 81920K, used 29628K [0x0000000080000000, 0x0000000100000000)
  region size 1024K, 4 young (4096K), 4 survivors (4096K)
 Metaspace       used 31849K, committed 32192K, reserved 454656K
  class space    used 4372K, committed 4544K, reserved 421888K
}
Event: 66.646 GC heap before
{Heap before GC invocations=8 (full 0):
 garbage-first heap   total 81920K, used 61372K [0x0000000080000000, 0x0000000100000000)
  region size 1024K, 35 young (35840K), 4 survivors (4096K)
 Metaspace       used 33880K, committed 34368K, reserved 454656K
  class space    used 4676K, committed 4864K, reserved 421888K
}
Event: 66.651 GC heap after
{Heap after GC invocations=9 (full 0):
 garbage-first heap   total 81920K, used 31466K [0x0000000080000000, 0x0000000100000000)
  region size 1024K, 3 young (3072K), 3 survivors (3072K)
 Metaspace       used 33880K, committed 34368K, reserved 454656K
  class space    used 4676K, committed 4864K, reserved 421888K
}
Event: 70.805 GC heap before
{Heap before GC invocations=9 (full 0):
 garbage-first heap   total 81920K, used 48874K [0x0000000080000000, 0x0000000100000000)
  region size 1024K, 21 young (21504K), 3 survivors (3072K)
 Metaspace       used 35529K, committed 35968K, reserved 454656K
  class space    used 4826K, committed 4992K, reserved 421888K
}
Event: 70.808 GC heap after
{Heap after GC invocations=10 (full 0):
 garbage-first heap   total 81920K, used 31976K [0x0000000080000000, 0x0000000100000000)
  region size 1024K, 3 young (3072K), 3 survivors (3072K)
 Metaspace       used 35529K, committed 35968K, reserved 454656K
  class space    used 4826K, committed 4992K, reserved 421888K
}

