# JRE version: Java(TM) SE Runtime Environment (17.0.7+8) (build 17.0.7+8-LTS-224)
# Java VM: Java HotSpot(TM) 64-Bit Server VM (17.0.7+8-LTS-224, mixed mode, sharing, tiered, compressed oops, compressed class ptrs, g1 gc, windows-amd64)
GC Precious Log:
 CPUs: 4 total, 4 available
 Memory: 16193M
 Large Page Support: Disabled
 NUMA Support: Disabled
 Compressed Oops: Enabled (32-bit)
 Heap Region Size: 1M
 Heap Min Capacity: 8M
 Heap Initial Capacity: 254M
 Heap Max Capacity: 2G
 Pre-touch: Disabled
 Parallel Workers: 4
 Concurrent Workers: 1
 Concurrent Refinement Workers: 4
 Periodic GC: Disabled
Heap:
 garbage-first heap   total 86016K, used 68678K [0x0000000080000000, 0x0000000100000000)
  region size 1024K, 26 young (26624K), 3 survivors (3072K)
 Metaspace       used 53637K, committed 54208K, reserved 471040K
  class space    used 7456K, committed 7744K, reserved 421888K
GC Heap History (20 events):
Event: 15.172 GC heap before
{Heap before GC invocations=2 (full 0):
 garbage-first heap   total 260096K, used 33890K [0x0000000080000000, 0x0000000100000000)
  region size 1024K, 25 young (25600K), 3 survivors (3072K)
 Metaspace       used 3935K, committed 4096K, reserved 430080K
  class space    used 475K, committed 576K, reserved 421888K
}
Event: 15.174 GC heap after
{Heap after GC invocations=3 (full 0):
 garbage-first heap   total 260096K, used 12604K [0x0000000080000000, 0x0000000100000000)
  region size 1024K, 2 young (2048K), 2 survivors (2048K)
 Metaspace       used 3935K, committed 4096K, reserved 430080K
  class space    used 475K, committed 576K, reserved 421888K
}
Event: 34.268 GC heap before
{Heap before GC invocations=3 (full 0):
 garbage-first heap   total 260096K, used 118076K [0x0000000080000000, 0x0000000100000000)
  region size 1024K, 106 young (108544K), 2 survivors (2048K)
 Metaspace       used 21235K, committed 21504K, reserved 446464K
  class space    used 3144K, committed 3264K, reserved 421888K
}
Event: 34.280 GC heap after
{Heap after GC invocations=4 (full 0):
 garbage-first heap   total 260096K, used 21994K [0x0000000080000000, 0x0000000100000000)
  region size 1024K, 12 young (12288K), 12 survivors (12288K)
 Metaspace       used 21235K, committed 21504K, reserved 446464K
  class space    used 3144K, committed 3264K, reserved 421888K
}
Event: 40.108 GC heap before
{Heap before GC invocations=5 (full 0):
 garbage-first heap   total 86016K, used 60906K [0x0000000080000000, 0x0000000100000000)
  region size 1024K, 50 young (51200K), 12 survivors (12288K)
 Metaspace       used 29059K, committed 29440K, reserved 454656K
  class space    used 4061K, committed 4224K, reserved 421888K
}
Event: 40.119 GC heap after
{Heap after GC invocations=6 (full 0):
 garbage-first heap   total 86016K, used 26594K [0x0000000080000000, 0x0000000100000000)
  region size 1024K, 5 young (5120K), 5 survivors (5120K)
 Metaspace       used 29059K, committed 29440K, reserved 454656K
  class space    used 4061K, committed 4224K, reserved 421888K
}
Event: 43.277 GC heap before
{Heap before GC invocations=7 (full 0):
 garbage-first heap   total 86016K, used 64482K [0x0000000080000000, 0x0000000100000000)
  region size 1024K, 40 young (40960K), 5 survivors (5120K)
 Metaspace       used 31839K, committed 32320K, reserved 454656K
  class space    used 4377K, committed 4608K, reserved 421888K
}
Event: 43.283 GC heap after
{Heap after GC invocations=8 (full 0):
 garbage-first heap   total 86016K, used 29525K [0x0000000080000000, 0x0000000100000000)
  region size 1024K, 4 young (4096K), 4 survivors (4096K)
 Metaspace       used 31839K, committed 32320K, reserved 454656K
  class space    used 4377K, committed 4608K, reserved 421888K
}
Event: 68.235 GC heap before
{Heap before GC invocations=8 (full 0):
 garbage-first heap   total 86016K, used 63317K [0x0000000080000000, 0x0000000100000000)
  region size 1024K, 37 young (37888K), 4 survivors (4096K)
 Metaspace       used 33873K, committed 34368K, reserved 454656K
  class space    used 4673K, committed 4864K, reserved 421888K
}
Event: 68.239 GC heap after
{Heap after GC invocations=9 (full 0):
 garbage-first heap   total 86016K, used 31211K [0x0000000080000000, 0x0000000100000000)
  region size 1024K, 3 young (3072K), 3 survivors (3072K)
 Metaspace       used 33873K, committed 34368K, reserved 454656K
  class space    used 4673K, committed 4864K, reserved 421888K
}
Event: 84.374 GC heap before
{Heap before GC invocations=9 (full 0):
 garbage-first heap   total 86016K, used 65003K [0x0000000080000000, 0x0000000100000000)
  region size 1024K, 36 young (36864K), 3 survivors (3072K)
 Metaspace       used 37677K, committed 38144K, reserved 462848K
  class space    used 5185K, committed 5376K, reserved 421888K
}
Event: 84.378 GC heap after
{Heap after GC invocations=10 (full 0):
 garbage-first heap   total 86016K, used 32501K [0x0000000080000000, 0x0000000100000000)
  region size 1024K, 4 young (4096K), 4 survivors (4096K)
 Metaspace       used 37677K, committed 38144K, reserved 462848K
  class space    used 5185K, committed 5376K, reserved 421888K
}
Event: 88.845 GC heap before
{Heap before GC invocations=10 (full 0):
 garbage-first heap   total 86016K, used 66293K [0x0000000080000000, 0x0000000100000000)
  region size 1024K, 37 young (37888K), 4 survivors (4096K)
 Metaspace       used 41881K, committed 42368K, reserved 462848K
  class space    used 5808K, committed 6016K, reserved 421888K
}
Event: 88.850 GC heap after
{Heap after GC invocations=11 (full 0):
 garbage-first heap   total 86016K, used 33782K [0x0000000080000000, 0x0000000100000000)
  region size 1024K, 3 young (3072K), 3 survivors (3072K)
 Metaspace       used 41881K, committed 42368K, reserved 462848K
  class space    used 5808K, committed 6016K, reserved 421888K
}
Event: 93.473 GC heap before
{Heap before GC invocations=11 (full 0):
 garbage-first heap   total 86016K, used 72694K [0x0000000080000000, 0x0000000100000000)
  region size 1024K, 36 young (36864K), 3 survivors (3072K)
 Metaspace       used 45565K, committed 46208K, reserved 462848K
  class space    used 6281K, committed 6592K, reserved 421888K
}
Event: 93.478 GC heap after
{Heap after GC invocations=12 (full 0):
 garbage-first heap   total 86016K, used 43781K [0x0000000080000000, 0x0000000100000000)
  region size 1024K, 5 young (5120K), 5 survivors (5120K)
 Metaspace       used 45565K, committed 46208K, reserved 462848K
  class space    used 6281K, committed 6592K, reserved 421888K
}
Event: 96.089 GC heap before
{Heap before GC invocations=12 (full 0):
 garbage-first heap   total 86016K, used 67333K [0x0000000080000000, 0x0000000100000000)
  region size 1024K, 28 young (28672K), 5 survivors (5120K)
 Metaspace       used 48161K, committed 48768K, reserved 471040K
  class space    used 6705K, committed 6976K, reserved 421888K
}
Event: 96.093 GC heap after
{Heap after GC invocations=13 (full 0):
 garbage-first heap   total 86016K, used 44885K [0x0000000080000000, 0x0000000100000000)
  region size 1024K, 2 young (2048K), 2 survivors (2048K)
 Metaspace       used 48161K, committed 48768K, reserved 471040K
  class space    used 6705K, committed 6976K, reserved 421888K
}
Event: 97.450 GC heap before
{Heap before GC invocations=14 (full 0):
 garbage-first heap   total 86016K, used 68437K [0x0000000080000000, 0x0000000100000000)
  region size 1024K, 25 young (25600K), 2 survivors (2048K)
 Metaspace       used 50586K, committed 51200K, reserved 471040K
  class space    used 7060K, committed 7360K, reserved 421888K
}
Event: 97.454 GC heap after
{Heap after GC invocations=15 (full 0):
 garbage-first heap   total 86016K, used 46150K [0x0000000080000000, 0x0000000100000000)
  region size 1024K, 3 young (3072K), 3 survivors (3072K)
 Metaspace       used 50586K, committed 51200K, reserved 471040K
  class space    used 7060K, committed 7360K, reserved 421888K
}

