# JRE version: Java(TM) SE Runtime Environment (17.0.7+8) (build 17.0.7+8-LTS-224)
# Java VM: Java HotSpot(TM) 64-Bit Server VM (17.0.7+8-LTS-224, mixed mode, sharing, tiered, compressed oops, compressed class ptrs, g1 gc, windows-amd64)
GC Precious Log:
 CPUs: 4 total, 4 available
 Memory: 16193M
 Large Page Support: Disabled
 NUMA Support: Disabled
 Compressed Oops: Enabled (32-bit)
 Heap Region Size: 1M
 Heap Min Capacity: 8M
 Heap Initial Capacity: 254M
 Heap Max Capacity: 2G
 Pre-touch: Disabled
 Parallel Workers: 4
 Concurrent Workers: 1
 Concurrent Refinement Workers: 4
 Periodic GC: Disabled
Heap:
 garbage-first heap   total 81920K, used 41612K [0x0000000080000000, 0x0000000100000000)
  region size 1024K, 12 young (12288K), 3 survivors (3072K)
 Metaspace       used 39924K, committed 40384K, reserved 462848K
  class space    used 5535K, committed 5760K, reserved 421888K
GC Heap History (18 events):
Event: 5.713 GC heap before
{Heap before GC invocations=0 (full 0):
 garbage-first heap   total 260096K, used 12288K [0x0000000080000000, 0x0000000100000000)
  region size 1024K, 13 young (13312K), 0 survivors (0K)
 Metaspace       used 959K, committed 1088K, reserved 430080K
  class space    used 74K, committed 128K, reserved 421888K
}
Event: 6.325 GC heap after
{Heap after GC invocations=1 (full 0):
 garbage-first heap   total 260096K, used 3764K [0x0000000080000000, 0x0000000100000000)
  region size 1024K, 2 young (2048K), 2 survivors (2048K)
 Metaspace       used 959K, committed 1088K, reserved 430080K
  class space    used 74K, committed 128K, reserved 421888K
}
Event: 8.397 GC heap before
{Heap before GC invocations=1 (full 0):
 garbage-first heap   total 260096K, used 22196K [0x0000000080000000, 0x0000000100000000)
  region size 1024K, 17 young (17408K), 2 survivors (2048K)
 Metaspace       used 3824K, committed 4032K, reserved 430080K
  class space    used 474K, committed 576K, reserved 421888K
}
Event: 8.399 GC heap after
{Heap after GC invocations=2 (full 0):
 garbage-first heap   total 260096K, used 10375K [0x0000000080000000, 0x0000000100000000)
  region size 1024K, 3 young (3072K), 3 survivors (3072K)
 Metaspace       used 3824K, committed 4032K, reserved 430080K
  class space    used 474K, committed 576K, reserved 421888K
}
Event: 14.145 GC heap before
{Heap before GC invocations=2 (full 0):
 garbage-first heap   total 260096K, used 33927K [0x0000000080000000, 0x0000000100000000)
  region size 1024K, 25 young (25600K), 3 survivors (3072K)
 Metaspace       used 3933K, committed 4096K, reserved 430080K
  class space    used 475K, committed 576K, reserved 421888K
}
Event: 14.147 GC heap after
{Heap after GC invocations=3 (full 0):
 garbage-first heap   total 260096K, used 12906K [0x0000000080000000, 0x0000000100000000)
  region size 1024K, 3 young (3072K), 3 survivors (3072K)
 Metaspace       used 3933K, committed 4096K, reserved 430080K
  class space    used 475K, committed 576K, reserved 421888K
}
Event: 30.632 GC heap before
{Heap before GC invocations=3 (full 0):
 garbage-first heap   total 260096K, used 117354K [0x0000000080000000, 0x0000000100000000)
  region size 1024K, 106 young (108544K), 3 survivors (3072K)
 Metaspace       used 21210K, committed 21504K, reserved 446464K
  class space    used 3139K, committed 3264K, reserved 421888K
}
Event: 30.651 GC heap after
{Heap after GC invocations=4 (full 0):
 garbage-first heap   total 260096K, used 21993K [0x0000000080000000, 0x0000000100000000)
  region size 1024K, 12 young (12288K), 12 survivors (12288K)
 Metaspace       used 21210K, committed 21504K, reserved 446464K
  class space    used 3139K, committed 3264K, reserved 421888K
}
Event: 35.439 GC heap before
{Heap before GC invocations=5 (full 0):
 garbage-first heap   total 81920K, used 58857K [0x0000000080000000, 0x0000000100000000)
  region size 1024K, 48 young (49152K), 12 survivors (12288K)
 Metaspace       used 29009K, committed 29376K, reserved 454656K
  class space    used 4056K, committed 4224K, reserved 421888K
}
Event: 35.448 GC heap after
{Heap after GC invocations=6 (full 0):
 garbage-first heap   total 81920K, used 26556K [0x0000000080000000, 0x0000000100000000)
  region size 1024K, 5 young (5120K), 5 survivors (5120K)
 Metaspace       used 29009K, committed 29376K, reserved 454656K
  class space    used 4056K, committed 4224K, reserved 421888K
}
Event: 38.143 GC heap before
{Heap before GC invocations=6 (full 0):
 garbage-first heap   total 81920K, used 60348K [0x0000000080000000, 0x0000000100000000)
  region size 1024K, 36 young (36864K), 5 survivors (5120K)
 Metaspace       used 31754K, committed 32192K, reserved 454656K
  class space    used 4360K, committed 4544K, reserved 421888K
}
Event: 38.149 GC heap after
{Heap after GC invocations=7 (full 0):
 garbage-first heap   total 81920K, used 28873K [0x0000000080000000, 0x0000000100000000)
  region size 1024K, 3 young (3072K), 3 survivors (3072K)
 Metaspace       used 31754K, committed 32192K, reserved 454656K
  class space    used 4360K, committed 4544K, reserved 421888K
}
Event: 61.765 GC heap before
{Heap before GC invocations=7 (full 0):
 garbage-first heap   total 81920K, used 60617K [0x0000000080000000, 0x0000000100000000)
  region size 1024K, 35 young (35840K), 3 survivors (3072K)
 Metaspace       used 33852K, committed 34368K, reserved 454656K
  class space    used 4667K, committed 4864K, reserved 421888K
}
Event: 61.769 GC heap after
{Heap after GC invocations=8 (full 0):
 garbage-first heap   total 81920K, used 31504K [0x0000000080000000, 0x0000000100000000)
  region size 1024K, 3 young (3072K), 3 survivors (3072K)
 Metaspace       used 33852K, committed 34368K, reserved 454656K
  class space    used 4667K, committed 4864K, reserved 421888K
}
Event: 64.288 GC heap before
{Heap before GC invocations=8 (full 0):
 garbage-first heap   total 81920K, used 49936K [0x0000000080000000, 0x0000000100000000)
  region size 1024K, 22 young (22528K), 3 survivors (3072K)
 Metaspace       used 35520K, committed 35968K, reserved 454656K
  class space    used 4826K, committed 4992K, reserved 421888K
}
Event: 64.291 GC heap after
{Heap after GC invocations=9 (full 0):
 garbage-first heap   total 81920K, used 32415K [0x0000000080000000, 0x0000000100000000)
  region size 1024K, 4 young (4096K), 4 survivors (4096K)
 Metaspace       used 35520K, committed 35968K, reserved 454656K
  class space    used 4826K, committed 4992K, reserved 421888K
}
Event: 71.379 GC heap before
{Heap before GC invocations=10 (full 0):
 garbage-first heap   total 81920K, used 63135K [0x0000000080000000, 0x0000000100000000)
  region size 1024K, 34 young (34816K), 4 survivors (4096K)
 Metaspace       used 39073K, committed 39616K, reserved 462848K
  class space    used 5420K, committed 5632K, reserved 421888K
}
Event: 71.383 GC heap after
{Heap after GC invocations=11 (full 0):
 garbage-first heap   total 81920K, used 33420K [0x0000000080000000, 0x0000000100000000)
  region size 1024K, 3 young (3072K), 3 survivors (3072K)
 Metaspace       used 39073K, committed 39616K, reserved 462848K
  class space    used 5420K, committed 5632K, reserved 421888K
}

