# JRE version: Java(TM) SE Runtime Environment (17.0.7+8) (build 17.0.7+8-LTS-224)
# Java VM: Java HotSpot(TM) 64-Bit Server VM (17.0.7+8-LTS-224, mixed mode, sharing, tiered, compressed oops, compressed class ptrs, g1 gc, windows-amd64)
GC Precious Log:
 CPUs: 4 total, 4 available
 Memory: 16193M
 Large Page Support: Disabled
 NUMA Support: Disabled
 Compressed Oops: Enabled (32-bit)
 Heap Region Size: 1M
 Heap Min Capacity: 8M
 Heap Initial Capacity: 254M
 Heap Max Capacity: 2G
 Pre-touch: Disabled
 Parallel Workers: 4
 Concurrent Workers: 1
 Concurrent Refinement Workers: 4
 Periodic GC: Disabled
Heap:
 garbage-first heap   total 81920K, used 58484K [0x0000000080000000, 0x0000000100000000)
  region size 1024K, 16 young (16384K), 3 survivors (3072K)
 Metaspace       used 52123K, committed 52736K, reserved 471040K
  class space    used 7264K, committed 7552K, reserved 421888K
GC Heap History (20 events):
Event: 40.494 GC heap before
{Heap before GC invocations=6 (full 0):
 garbage-first heap   total 78848K, used 27357K [0x0000000080000000, 0x0000000100000000)
  region size 1024K, 6 young (6144K), 5 survivors (5120K)
 Metaspace       used 29041K, committed 29376K, reserved 454656K
  class space    used 4058K, committed 4224K, reserved 421888K
}
Event: 40.497 GC heap after
{Heap after GC invocations=7 (full 0):
 garbage-first heap   total 78848K, used 26420K [0x0000000080000000, 0x0000000100000000)
  region size 1024K, 1 young (1024K), 1 survivors (1024K)
 Metaspace       used 29041K, committed 29376K, reserved 454656K
  class space    used 4058K, committed 4224K, reserved 421888K
}
Event: 42.983 GC heap before
{Heap before GC invocations=7 (full 0):
 garbage-first heap   total 78848K, used 60212K [0x0000000080000000, 0x0000000100000000)
  region size 1024K, 32 young (32768K), 1 survivors (1024K)
 Metaspace       used 31787K, committed 32192K, reserved 454656K
  class space    used 4366K, committed 4544K, reserved 421888K
}
Event: 42.988 GC heap after
{Heap after GC invocations=8 (full 0):
 garbage-first heap   total 78848K, used 28216K [0x0000000080000000, 0x0000000100000000)
  region size 1024K, 3 young (3072K), 3 survivors (3072K)
 Metaspace       used 31787K, committed 32192K, reserved 454656K
  class space    used 4366K, committed 4544K, reserved 421888K
}
Event: 69.423 GC heap before
{Heap before GC invocations=8 (full 0):
 garbage-first heap   total 78848K, used 57912K [0x0000000080000000, 0x0000000100000000)
  region size 1024K, 33 young (33792K), 3 survivors (3072K)
 Metaspace       used 33658K, committed 34176K, reserved 454656K
  class space    used 4636K, committed 4864K, reserved 421888K
}
Event: 69.429 GC heap after
{Heap after GC invocations=9 (full 0):
 garbage-first heap   total 78848K, used 30693K [0x0000000080000000, 0x0000000100000000)
  region size 1024K, 5 young (5120K), 5 survivors (5120K)
 Metaspace       used 33658K, committed 34176K, reserved 454656K
  class space    used 4636K, committed 4864K, reserved 421888K
}
Event: 78.254 GC heap before
{Heap before GC invocations=9 (full 0):
 garbage-first heap   total 78848K, used 53221K [0x0000000080000000, 0x0000000100000000)
  region size 1024K, 28 young (28672K), 5 survivors (5120K)
 Metaspace       used 35551K, committed 35968K, reserved 454656K
  class space    used 4826K, committed 4992K, reserved 421888K
}
Event: 78.259 GC heap after
{Heap after GC invocations=10 (full 0):
 garbage-first heap   total 78848K, used 31417K [0x0000000080000000, 0x0000000100000000)
  region size 1024K, 4 young (4096K), 4 survivors (4096K)
 Metaspace       used 35551K, committed 35968K, reserved 454656K
  class space    used 4826K, committed 4992K, reserved 421888K
}
Event: 86.002 GC heap before
{Heap before GC invocations=11 (full 0):
 garbage-first heap   total 78848K, used 61113K [0x0000000080000000, 0x0000000100000000)
  region size 1024K, 33 young (33792K), 4 survivors (4096K)
 Metaspace       used 38919K, committed 39360K, reserved 462848K
  class space    used 5391K, committed 5568K, reserved 421888K
}
Event: 86.008 GC heap after
{Heap after GC invocations=12 (full 0):
 garbage-first heap   total 78848K, used 32923K [0x0000000080000000, 0x0000000100000000)
  region size 1024K, 3 young (3072K), 3 survivors (3072K)
 Metaspace       used 38919K, committed 39360K, reserved 462848K
  class space    used 5391K, committed 5568K, reserved 421888K
}
Event: 90.665 GC heap before
{Heap before GC invocations=12 (full 0):
 garbage-first heap   total 78848K, used 62619K [0x0000000080000000, 0x0000000100000000)
  region size 1024K, 32 young (32768K), 3 survivors (3072K)
 Metaspace       used 42304K, committed 42816K, reserved 462848K
  class space    used 5874K, committed 6080K, reserved 421888K
}
Event: 90.668 GC heap after
{Heap after GC invocations=13 (full 0):
 garbage-first heap   total 78848K, used 34223K [0x0000000080000000, 0x0000000100000000)
  region size 1024K, 3 young (3072K), 3 survivors (3072K)
 Metaspace       used 42304K, committed 42816K, reserved 462848K
  class space    used 5874K, committed 6080K, reserved 421888K
}
Event: 91.894 GC heap before
{Heap before GC invocations=13 (full 0):
 garbage-first heap   total 78848K, used 43439K [0x0000000080000000, 0x0000000100000000)
  region size 1024K, 11 young (11264K), 3 survivors (3072K)
 Metaspace       used 42623K, committed 43136K, reserved 462848K
  class space    used 5907K, committed 6144K, reserved 421888K
}
Event: 91.899 GC heap after
{Heap after GC invocations=14 (full 0):
 garbage-first heap   total 78848K, used 37887K [0x0000000080000000, 0x0000000100000000)
  region size 1024K, 3 young (3072K), 3 survivors (3072K)
 Metaspace       used 42623K, committed 43136K, reserved 462848K
  class space    used 5907K, committed 6144K, reserved 421888K
}
Event: 94.128 GC heap before
{Heap before GC invocations=15 (full 0):
 garbage-first heap   total 78848K, used 67583K [0x0000000080000000, 0x0000000100000000)
  region size 1024K, 28 young (28672K), 3 survivors (3072K)
 Metaspace       used 46288K, committed 46912K, reserved 462848K
  class space    used 6410K, committed 6720K, reserved 421888K
}
Event: 94.132 GC heap after
{Heap after GC invocations=16 (full 0):
 garbage-first heap   total 78848K, used 44634K [0x0000000080000000, 0x0000000100000000)
  region size 1024K, 4 young (4096K), 4 survivors (4096K)
 Metaspace       used 46288K, committed 46912K, reserved 462848K
  class space    used 6410K, committed 6720K, reserved 421888K
}
Event: 96.129 GC heap before
{Heap before GC invocations=16 (full 0):
 garbage-first heap   total 78848K, used 64090K [0x0000000080000000, 0x0000000100000000)
  region size 1024K, 23 young (23552K), 4 survivors (4096K)
 Metaspace       used 48380K, committed 49024K, reserved 471040K
  class space    used 6734K, committed 7040K, reserved 421888K
}
Event: 96.132 GC heap after
{Heap after GC invocations=17 (full 0):
 garbage-first heap   total 78848K, used 45026K [0x0000000080000000, 0x0000000100000000)
  region size 1024K, 2 young (2048K), 2 survivors (2048K)
 Metaspace       used 48380K, committed 49024K, reserved 471040K
  class space    used 6734K, committed 7040K, reserved 421888K
}
Event: 97.234 GC heap before
{Heap before GC invocations=18 (full 0):
 garbage-first heap   total 81920K, used 64482K [0x0000000080000000, 0x0000000100000000)
  region size 1024K, 21 young (21504K), 2 survivors (2048K)
 Metaspace       used 50456K, committed 51072K, reserved 471040K
  class space    used 7031K, committed 7296K, reserved 421888K
}
Event: 97.237 GC heap after
{Heap after GC invocations=19 (full 0):
 garbage-first heap   total 81920K, used 46196K [0x0000000080000000, 0x0000000100000000)
  region size 1024K, 3 young (3072K), 3 survivors (3072K)
 Metaspace       used 50456K, committed 51072K, reserved 471040K
  class space    used 7031K, committed 7296K, reserved 421888K
}

