# JRE version: Java(TM) SE Runtime Environment (17.0.7+8) (build 17.0.7+8-LTS-224)
# Java VM: Java HotSpot(TM) 64-Bit Server VM (17.0.7+8-LTS-224, mixed mode, sharing, tiered, compressed oops, compressed class ptrs, g1 gc, windows-amd64)
GC Precious Log:
 CPUs: 4 total, 4 available
 Memory: 16193M
 Large Page Support: Disabled
 NUMA Support: Disabled
 Compressed Oops: Enabled (32-bit)
 Heap Region Size: 1M
 Heap Min Capacity: 8M
 Heap Initial Capacity: 254M
 Heap Max Capacity: 2G
 Pre-touch: Disabled
 Parallel Workers: 4
 Concurrent Workers: 1
 Concurrent Refinement Workers: 4
 Periodic GC: Disabled
Heap:
 garbage-first heap   total 87040K, used 55623K [0x0000000080000000, 0x0000000100000000)
  region size 1024K, 9 young (9216K), 3 survivors (3072K)
 Metaspace       used 57303K, committed 57920K, reserved 479232K
  class space    used 7975K, committed 8256K, reserved 421888K
GC Heap History (20 events):
Event: 68.162 GC heap before
{Heap before GC invocations=10 (full 0):
 garbage-first heap   total 81920K, used 63247K [0x0000000080000000, 0x0000000100000000)
  region size 1024K, 34 young (34816K), 4 survivors (4096K)
 Metaspace       used 39318K, committed 39808K, reserved 462848K
  class space    used 5465K, committed 5632K, reserved 421888K
}
Event: 68.167 GC heap after
{Heap after GC invocations=11 (full 0):
 garbage-first heap   total 81920K, used 33444K [0x0000000080000000, 0x0000000100000000)
  region size 1024K, 3 young (3072K), 3 survivors (3072K)
 Metaspace       used 39318K, committed 39808K, reserved 462848K
  class space    used 5465K, committed 5632K, reserved 421888K
}
Event: 74.391 GC heap before
{Heap before GC invocations=11 (full 0):
 garbage-first heap   total 81920K, used 64164K [0x0000000080000000, 0x0000000100000000)
  region size 1024K, 33 young (33792K), 3 survivors (3072K)
 Metaspace       used 42393K, committed 42880K, reserved 462848K
  class space    used 5894K, committed 6080K, reserved 421888K
}
Event: 74.398 GC heap after
{Heap after GC invocations=12 (full 0):
 garbage-first heap   total 81920K, used 34553K [0x0000000080000000, 0x0000000100000000)
  region size 1024K, 4 young (4096K), 4 survivors (4096K)
 Metaspace       used 42393K, committed 42880K, reserved 462848K
  class space    used 5894K, committed 6080K, reserved 421888K
}
Event: 74.508 GC heap before
{Heap before GC invocations=12 (full 0):
 garbage-first heap   total 81920K, used 39673K [0x0000000080000000, 0x0000000100000000)
  region size 1024K, 8 young (8192K), 4 survivors (4096K)
 Metaspace       used 42534K, committed 43072K, reserved 462848K
  class space    used 5910K, committed 6144K, reserved 421888K
}
Event: 74.512 GC heap after
{Heap after GC invocations=13 (full 0):
 garbage-first heap   total 81920K, used 37555K [0x0000000080000000, 0x0000000100000000)
  region size 1024K, 3 young (3072K), 3 survivors (3072K)
 Metaspace       used 42534K, committed 43072K, reserved 462848K
  class space    used 5910K, committed 6144K, reserved 421888K
}
Event: 76.214 GC heap before
{Heap before GC invocations=13 (full 0):
 garbage-first heap   total 81920K, used 63155K [0x0000000080000000, 0x0000000100000000)
  region size 1024K, 24 young (24576K), 3 survivors (3072K)
 Metaspace       used 45786K, committed 46464K, reserved 462848K
  class space    used 6331K, committed 6656K, reserved 421888K
}
Event: 76.218 GC heap after
{Heap after GC invocations=14 (full 0):
 garbage-first heap   total 81920K, used 43511K [0x0000000080000000, 0x0000000100000000)
  region size 1024K, 3 young (3072K), 3 survivors (3072K)
 Metaspace       used 45786K, committed 46464K, reserved 462848K
  class space    used 6331K, committed 6656K, reserved 421888K
}
Event: 78.326 GC heap before
{Heap before GC invocations=14 (full 0):
 garbage-first heap   total 81920K, used 61943K [0x0000000080000000, 0x0000000100000000)
  region size 1024K, 21 young (21504K), 3 survivors (3072K)
 Metaspace       used 47828K, committed 48448K, reserved 471040K
  class space    used 6672K, committed 6976K, reserved 421888K
}
Event: 78.329 GC heap after
{Heap after GC invocations=15 (full 0):
 garbage-first heap   total 81920K, used 44519K [0x0000000080000000, 0x0000000100000000)
  region size 1024K, 1 young (1024K), 1 survivors (1024K)
 Metaspace       used 47828K, committed 48448K, reserved 471040K
  class space    used 6672K, committed 6976K, reserved 421888K
}
Event: 79.542 GC heap before
{Heap before GC invocations=16 (full 0):
 garbage-first heap   total 81920K, used 63975K [0x0000000080000000, 0x0000000100000000)
  region size 1024K, 20 young (20480K), 1 survivors (1024K)
 Metaspace       used 49821K, committed 50432K, reserved 471040K
  class space    used 6947K, committed 7232K, reserved 421888K
}
Event: 79.545 GC heap after
{Heap after GC invocations=17 (full 0):
 garbage-first heap   total 81920K, used 45729K [0x0000000080000000, 0x0000000100000000)
  region size 1024K, 3 young (3072K), 3 survivors (3072K)
 Metaspace       used 49821K, committed 50432K, reserved 471040K
  class space    used 6947K, committed 7232K, reserved 421888K
}
Event: 80.646 GC heap before
{Heap before GC invocations=17 (full 0):
 garbage-first heap   total 81920K, used 64161K [0x0000000080000000, 0x0000000100000000)
  region size 1024K, 21 young (21504K), 3 survivors (3072K)
 Metaspace       used 52202K, committed 52800K, reserved 471040K
  class space    used 7284K, committed 7552K, reserved 421888K
}
Event: 80.650 GC heap after
{Heap after GC invocations=18 (full 0):
 garbage-first heap   total 81920K, used 46463K [0x0000000080000000, 0x0000000100000000)
  region size 1024K, 2 young (2048K), 2 survivors (2048K)
 Metaspace       used 52202K, committed 52800K, reserved 471040K
  class space    used 7284K, committed 7552K, reserved 421888K
}
Event: 84.972 GC heap before
{Heap before GC invocations=19 (full 0):
 garbage-first heap   total 83968K, used 64895K [0x0000000080000000, 0x0000000100000000)
  region size 1024K, 21 young (21504K), 2 survivors (2048K)
 Metaspace       used 54399K, committed 54976K, reserved 471040K
  class space    used 7549K, committed 7808K, reserved 421888K
}
Event: 84.977 GC heap after
{Heap after GC invocations=20 (full 0):
 garbage-first heap   total 83968K, used 48761K [0x0000000080000000, 0x0000000100000000)
  region size 1024K, 3 young (3072K), 3 survivors (3072K)
 Metaspace       used 54399K, committed 54976K, reserved 471040K
  class space    used 7549K, committed 7808K, reserved 421888K
}
Event: 86.494 GC heap before
{Heap before GC invocations=20 (full 0):
 garbage-first heap   total 83968K, used 66169K [0x0000000080000000, 0x0000000100000000)
  region size 1024K, 21 young (21504K), 3 survivors (3072K)
 Metaspace       used 55665K, committed 56320K, reserved 471040K
  class space    used 7714K, committed 8000K, reserved 421888K
}
Event: 86.498 GC heap after
{Heap after GC invocations=21 (full 0):
 garbage-first heap   total 83968K, used 49338K [0x0000000080000000, 0x0000000100000000)
  region size 1024K, 1 young (1024K), 1 survivors (1024K)
 Metaspace       used 55665K, committed 56320K, reserved 471040K
  class space    used 7714K, committed 8000K, reserved 421888K
}
Event: 90.141 GC heap before
{Heap before GC invocations=22 (full 0):
 garbage-first heap   total 87040K, used 67770K [0x0000000080000000, 0x0000000100000000)
  region size 1024K, 19 young (19456K), 1 survivors (1024K)
 Metaspace       used 56866K, committed 57536K, reserved 479232K
  class space    used 7895K, committed 8192K, reserved 421888K
}
Event: 90.145 GC heap after
{Heap after GC invocations=23 (full 0):
 garbage-first heap   total 87040K, used 50503K [0x0000000080000000, 0x0000000100000000)
  region size 1024K, 3 young (3072K), 3 survivors (3072K)
 Metaspace       used 56866K, committed 57536K, reserved 479232K
  class space    used 7895K, committed 8192K, reserved 421888K
}

