# JRE version: Java(TM) SE Runtime Environment (17.0.7+8) (build 17.0.7+8-LTS-224)
# Java VM: Java HotSpot(TM) 64-Bit Server VM (17.0.7+8-LTS-224, mixed mode, sharing, tiered, compressed oops, compressed class ptrs, g1 gc, windows-amd64)
GC Precious Log:
 CPUs: 4 total, 4 available
 Memory: 16193M
 Large Page Support: Disabled
 NUMA Support: Disabled
 Compressed Oops: Enabled (32-bit)
 Heap Region Size: 1M
 Heap Min Capacity: 8M
 Heap Initial Capacity: 254M
 Heap Max Capacity: 2G
 Pre-touch: Disabled
 Parallel Workers: 4
 Concurrent Workers: 1
 Concurrent Refinement Workers: 4
 Periodic GC: Disabled
Heap:
 garbage-first heap   total 97280K, used 58587K [0x0000000080000000, 0x0000000100000000)
  region size 1024K, 6 young (6144K), 3 survivors (3072K)
 Metaspace       used 60942K, committed 61632K, reserved 479232K
  class space    used 8521K, committed 8832K, reserved 421888K
GC Heap History (20 events):
Event: 71.871 GC heap before
{Heap before GC invocations=15 (full 0):
 garbage-first heap   total 81920K, used 60760K [0x0000000080000000, 0x0000000100000000)
  region size 1024K, 19 young (19456K), 3 survivors (3072K)
 Metaspace       used 47275K, committed 47872K, reserved 471040K
  class space    used 6591K, committed 6848K, reserved 421888K
}
Event: 71.874 GC heap after
{Heap after GC invocations=16 (full 0):
 garbage-first heap   total 81920K, used 45127K [0x0000000080000000, 0x0000000100000000)
  region size 1024K, 1 young (1024K), 1 survivors (1024K)
 Metaspace       used 47275K, committed 47872K, reserved 471040K
  class space    used 6591K, committed 6848K, reserved 421888K
}
Event: 73.527 GC heap before
{Heap before GC invocations=17 (full 0):
 garbage-first heap   total 81920K, used 61511K [0x0000000080000000, 0x0000000100000000)
  region size 1024K, 18 young (18432K), 1 survivors (1024K)
 Metaspace       used 49070K, committed 49664K, reserved 471040K
  class space    used 6842K, committed 7104K, reserved 421888K
}
Event: 73.529 GC heap after
{Heap after GC invocations=18 (full 0):
 garbage-first heap   total 81920K, used 46078K [0x0000000080000000, 0x0000000100000000)
  region size 1024K, 2 young (2048K), 2 survivors (2048K)
 Metaspace       used 49070K, committed 49664K, reserved 471040K
  class space    used 6842K, committed 7104K, reserved 421888K
}
Event: 75.145 GC heap before
{Heap before GC invocations=18 (full 0):
 garbage-first heap   total 81920K, used 62462K [0x0000000080000000, 0x0000000100000000)
  region size 1024K, 19 young (19456K), 2 survivors (2048K)
 Metaspace       used 51052K, committed 51648K, reserved 471040K
  class space    used 7146K, committed 7424K, reserved 421888K
}
Event: 75.148 GC heap after
{Heap after GC invocations=19 (full 0):
 garbage-first heap   total 81920K, used 47159K [0x0000000080000000, 0x0000000100000000)
  region size 1024K, 3 young (3072K), 3 survivors (3072K)
 Metaspace       used 51052K, committed 51648K, reserved 471040K
  class space    used 7146K, committed 7424K, reserved 421888K
}
Event: 76.500 GC heap before
{Heap before GC invocations=20 (full 0):
 garbage-first heap   total 83968K, used 62519K [0x0000000080000000, 0x0000000100000000)
  region size 1024K, 19 young (19456K), 3 survivors (3072K)
 Metaspace       used 53234K, committed 53824K, reserved 471040K
  class space    used 7419K, committed 7680K, reserved 421888K
}
Event: 76.506 GC heap after
{Heap after GC invocations=21 (full 0):
 garbage-first heap   total 83968K, used 48080K [0x0000000080000000, 0x0000000100000000)
  region size 1024K, 2 young (2048K), 2 survivors (2048K)
 Metaspace       used 53234K, committed 53824K, reserved 471040K
  class space    used 7419K, committed 7680K, reserved 421888K
}
Event: 76.661 GC heap before
{Heap before GC invocations=21 (full 0):
 garbage-first heap   total 83968K, used 50128K [0x0000000080000000, 0x0000000100000000)
  region size 1024K, 4 young (4096K), 2 survivors (2048K)
 Metaspace       used 53481K, committed 54080K, reserved 471040K
  class space    used 7454K, committed 7744K, reserved 421888K
}
Event: 76.665 GC heap after
{Heap after GC invocations=22 (full 0):
 garbage-first heap   total 83968K, used 48329K [0x0000000080000000, 0x0000000100000000)
  region size 1024K, 1 young (1024K), 1 survivors (1024K)
 Metaspace       used 53481K, committed 54080K, reserved 471040K
  class space    used 7454K, committed 7744K, reserved 421888K
}
Event: 79.708 GC heap before
{Heap before GC invocations=22 (full 0):
 garbage-first heap   total 83968K, used 65737K [0x0000000080000000, 0x0000000100000000)
  region size 1024K, 19 young (19456K), 1 survivors (1024K)
 Metaspace       used 54758K, committed 55360K, reserved 471040K
  class space    used 7579K, committed 7872K, reserved 421888K
}
Event: 79.710 GC heap after
{Heap after GC invocations=23 (full 0):
 garbage-first heap   total 83968K, used 50087K [0x0000000080000000, 0x0000000100000000)
  region size 1024K, 2 young (2048K), 2 survivors (2048K)
 Metaspace       used 54758K, committed 55360K, reserved 471040K
  class space    used 7579K, committed 7872K, reserved 421888K
}
Event: 83.810 GC heap before
{Heap before GC invocations=24 (full 0):
 garbage-first heap   total 89088K, used 67495K [0x0000000080000000, 0x0000000100000000)
  region size 1024K, 19 young (19456K), 2 survivors (2048K)
 Metaspace       used 56469K, committed 57088K, reserved 471040K
  class space    used 7845K, committed 8128K, reserved 421888K
}
Event: 83.813 GC heap after
{Heap after GC invocations=25 (full 0):
 garbage-first heap   total 89088K, used 50605K [0x0000000080000000, 0x0000000100000000)
  region size 1024K, 2 young (2048K), 2 survivors (2048K)
 Metaspace       used 56469K, committed 57088K, reserved 471040K
  class space    used 7845K, committed 8128K, reserved 421888K
}
Event: 84.628 GC heap before
{Heap before GC invocations=25 (full 0):
 garbage-first heap   total 89088K, used 71085K [0x0000000080000000, 0x0000000100000000)
  region size 1024K, 22 young (22528K), 2 survivors (2048K)
 Metaspace       used 57618K, committed 58240K, reserved 479232K
  class space    used 8044K, committed 8320K, reserved 421888K
}
Event: 84.631 GC heap after
{Heap after GC invocations=26 (full 0):
 garbage-first heap   total 89088K, used 51774K [0x0000000080000000, 0x0000000100000000)
  region size 1024K, 3 young (3072K), 3 survivors (3072K)
 Metaspace       used 57618K, committed 58240K, reserved 479232K
  class space    used 8044K, committed 8320K, reserved 421888K
}
Event: 88.375 GC heap before
{Heap before GC invocations=27 (full 0):
 garbage-first heap   total 91136K, used 72254K [0x0000000080000000, 0x0000000100000000)
  region size 1024K, 23 young (23552K), 3 survivors (3072K)
 Metaspace       used 58762K, committed 59328K, reserved 479232K
  class space    used 8176K, committed 8448K, reserved 421888K
}
Event: 88.381 GC heap after
{Heap after GC invocations=28 (full 0):
 garbage-first heap   total 91136K, used 54031K [0x0000000080000000, 0x0000000100000000)
  region size 1024K, 3 young (3072K), 3 survivors (3072K)
 Metaspace       used 58762K, committed 59328K, reserved 479232K
  class space    used 8176K, committed 8448K, reserved 421888K
}
Event: 92.709 GC heap before
{Heap before GC invocations=28 (full 0):
 garbage-first heap   total 91136K, used 73487K [0x0000000080000000, 0x0000000100000000)
  region size 1024K, 23 young (23552K), 3 survivors (3072K)
 Metaspace       used 60652K, committed 61312K, reserved 479232K
  class space    used 8485K, committed 8768K, reserved 421888K
}
Event: 92.714 GC heap after
{Heap after GC invocations=29 (full 0):
 garbage-first heap   total 91136K, used 56539K [0x0000000080000000, 0x0000000100000000)
  region size 1024K, 3 young (3072K), 3 survivors (3072K)
 Metaspace       used 60652K, committed 61312K, reserved 479232K
  class space    used 8485K, committed 8768K, reserved 421888K
}

